<?xml version="1.0" encoding="UTF-8"?>
<testng-results skipped="0" failed="1" ignored="0" total="1" passed="0">
  <reporter-output>
  </reporter-output>
  <suite name="Default suite" duration-ms="553808" started-at="2017-10-04T18:48:02Z" finished-at="2017-10-04T18:57:16Z">
    <groups>
    </groups>
    <test name="Default test" duration-ms="553808" started-at="2017-10-04T18:48:02Z" finished-at="2017-10-04T18:57:16Z">
      <class name="TestSuite1.TC0030UpgradeDeviceApprove">
        <test-method status="PASS" signature="setUp()[pri:0, instance:TestSuite1.TC0030UpgradeDeviceApprove@59fa1d9b]" name="setUp" is-config="true" duration-ms="12" started-at="2017-10-04T15:48:02Z" finished-at="2017-10-04T15:48:02Z">
          <reporter-output>
          </reporter-output>
        </test-method> <!-- setUp -->
        <test-method status="FAIL" signature="tc0030UpgradeDeviceApprove()[pri:0, instance:TestSuite1.TC0030UpgradeDeviceApprove@59fa1d9b]" name="tc0030UpgradeDeviceApprove" duration-ms="546445" started-at="2017-10-04T15:48:02Z" finished-at="2017-10-04T15:57:08Z">
          <exception class="java.lang.Exception">
            <message>
              <![CDATA[org.openqa.selenium.TimeoutException: Expected condition failed: waiting for visibility of element located by By.xpath: (//button[text()='View Order'])[3] (tried for 45 second(s) with 500 MILLISECONDS interval)]]>
            </message>
            <full-stacktrace>
              <![CDATA[java.lang.Exception: org.openqa.selenium.TimeoutException: Expected condition failed: waiting for visibility of element located by By.xpath: (//button[text()='View Order'])[3] (tried for 45 second(s) with 500 MILLISECONDS interval)
	at ServiceNow.BaseClass.WaitForElementVisible(BaseClass.java:554)
	at ServiceNow.MyOrdersPage.WaitForPageToLoad(MyOrdersPage.java:21)
	at ActionsBaseClasses.ActionsBase.GoOutAndBackMyOrders(ActionsBase.java:154)
	at ActionsBaseClasses.ActionsBase.RunTimedCall_VerifyLimitedUserOrdersPage(ActionsBase.java:127)
	at ActionClasses.UpgradeDevice.VerifyLimitedUserOrderMyOrdersMainPage(UpgradeDevice.java:124)
	at TestSuite1.TC0030UpgradeDeviceApprove.tc0030UpgradeDeviceApprove(TC0030UpgradeDeviceApprove.java:78)
	at sun.reflect.NativeMethodAccessorImpl.invoke0(Native Method)
	at sun.reflect.NativeMethodAccessorImpl.invoke(Unknown Source)
	at sun.reflect.DelegatingMethodAccessorImpl.invoke(Unknown Source)
	at java.lang.reflect.Method.invoke(Unknown Source)
	at org.testng.internal.MethodInvocationHelper.invokeMethod(MethodInvocationHelper.java:108)
	at org.testng.internal.Invoker.invokeMethod(Invoker.java:661)
	at org.testng.internal.Invoker.invokeTestMethod(Invoker.java:869)
	at org.testng.internal.Invoker.invokeTestMethods(Invoker.java:1193)
	at org.testng.internal.TestMethodWorker.invokeTestMethods(TestMethodWorker.java:126)
	at org.testng.internal.TestMethodWorker.run(TestMethodWorker.java:109)
	at org.testng.TestRunner.privateRun(TestRunner.java:744)
	at org.testng.TestRunner.run(TestRunner.java:602)
	at org.testng.SuiteRunner.runTest(SuiteRunner.java:380)
	at org.testng.SuiteRunner.runSequentially(SuiteRunner.java:375)
	at org.testng.SuiteRunner.privateRun(SuiteRunner.java:340)
	at org.testng.SuiteRunner.run(SuiteRunner.java:289)
	at org.testng.SuiteRunnerWorker.runSuite(SuiteRunnerWorker.java:52)
	at org.testng.SuiteRunnerWorker.run(SuiteRunnerWorker.java:86)
	at org.testng.TestNG.runSuitesSequentially(TestNG.java:1301)
	at org.testng.TestNG.runSuitesLocally(TestNG.java:1226)
	at org.testng.TestNG.runSuites(TestNG.java:1144)
	at org.testng.TestNG.run(TestNG.java:1115)
	at org.testng.remote.AbstractRemoteTestNG.run(AbstractRemoteTestNG.java:132)
	at org.testng.remote.RemoteTestNG.initAndRun(RemoteTestNG.java:230)
	at org.testng.remote.RemoteTestNG.main(RemoteTestNG.java:76)
]]>
            </full-stacktrace>
          </exception> <!-- java.lang.Exception -->
          <reporter-output>
          </reporter-output>
        </test-method> <!-- tc0030UpgradeDeviceApprove -->
        <test-method status="PASS" signature="closeDriver()[pri:0, instance:TestSuite1.TC0030UpgradeDeviceApprove@59fa1d9b]" name="closeDriver" is-config="true" duration-ms="7307" started-at="2017-10-04T15:57:08Z" finished-at="2017-10-04T15:57:16Z">
          <reporter-output>
          </reporter-output>
        </test-method> <!-- closeDriver -->
      </class> <!-- TestSuite1.TC0030UpgradeDeviceApprove -->
    </test> <!-- Default test -->
  </suite> <!-- Default suite -->
</testng-results>
