<?xml version="1.0" encoding="UTF-8"?>
<!-- Generated by org.testng.reporters.JUnitReportReporter -->
<testsuite skipped="0" hostname="Dev21" name="TestSuite1.TC0030UpgradeDeviceApprove" tests="1" failures="0" timestamp="04 Oct 2017 18:57:16 GMT" time="546.445" errors="1">
  <testcase name="tc0030UpgradeDeviceApprove" time="546.445" classname="TestSuite1.TC0030UpgradeDeviceApprove">
    <error type="java.lang.Exception" message="org.openqa.selenium.TimeoutException: Expected condition failed: waiting for visibility of element located by By.xpath: (//button[text()=&#039;View Order&#039;])[3] (tried for 45 second(s) with 500 MILLISECONDS interval)">
      <![CDATA[java.lang.Exception: org.openqa.selenium.TimeoutException: Expected condition failed: waiting for visibility of element located by By.xpath: (//button[text()='View Order'])[3] (tried for 45 second(s) with 500 MILLISECONDS interval)
	at ServiceNow.BaseClass.WaitForElementVisible(BaseClass.java:554)
	at ServiceNow.MyOrdersPage.WaitForPageToLoad(MyOrdersPage.java:21)
	at ActionsBaseClasses.ActionsBase.GoOutAndBackMyOrders(ActionsBase.java:154)
	at ActionsBaseClasses.ActionsBase.RunTimedCall_VerifyLimitedUserOrdersPage(ActionsBase.java:127)
	at ActionClasses.UpgradeDevice.VerifyLimitedUserOrderMyOrdersMainPage(UpgradeDevice.java:124)
	at TestSuite1.TC0030UpgradeDeviceApprove.tc0030UpgradeDeviceApprove(TC0030UpgradeDeviceApprove.java:78)
	at sun.reflect.NativeMethodAccessorImpl.invoke0(Native Method)
	at sun.reflect.NativeMethodAccessorImpl.invoke(Unknown Source)
	at sun.reflect.DelegatingMethodAccessorImpl.invoke(Unknown Source)
	at java.lang.reflect.Method.invoke(Unknown Source)
	at org.testng.internal.MethodInvocationHelper.invokeMethod(MethodInvocationHelper.java:108)
	at org.testng.internal.Invoker.invokeMethod(Invoker.java:661)
	at org.testng.internal.Invoker.invokeTestMethod(Invoker.java:869)
	at org.testng.internal.Invoker.invokeTestMethods(Invoker.java:1193)
	at org.testng.internal.TestMethodWorker.invokeTestMethods(TestMethodWorker.java:126)
	at org.testng.internal.TestMethodWorker.run(TestMethodWorker.java:109)
	at org.testng.TestRunner.privateRun(TestRunner.java:744)
	at org.testng.TestRunner.run(TestRunner.java:602)
	at org.testng.SuiteRunner.runTest(SuiteRunner.java:380)
	at org.testng.SuiteRunner.runSequentially(SuiteRunner.java:375)
	at org.testng.SuiteRunner.privateRun(SuiteRunner.java:340)
	at org.testng.SuiteRunner.run(SuiteRunner.java:289)
	at org.testng.SuiteRunnerWorker.runSuite(SuiteRunnerWorker.java:52)
	at org.testng.SuiteRunnerWorker.run(SuiteRunnerWorker.java:86)
	at org.testng.TestNG.runSuitesSequentially(TestNG.java:1301)
	at org.testng.TestNG.runSuitesLocally(TestNG.java:1226)
	at org.testng.TestNG.runSuites(TestNG.java:1144)
	at org.testng.TestNG.run(TestNG.java:1115)
	at org.testng.remote.AbstractRemoteTestNG.run(AbstractRemoteTestNG.java:132)
	at org.testng.remote.RemoteTestNG.initAndRun(RemoteTestNG.java:230)
	at org.testng.remote.RemoteTestNG.main(RemoteTestNG.java:76)
]]>
    </error>
  </testcase> <!-- tc0030UpgradeDeviceApprove -->
</testsuite> <!-- TestSuite1.TC0030UpgradeDeviceApprove -->
