<?xml version="1.0" encoding="UTF-8"?>
<!-- Generated by org.testng.reporters.JUnitXMLReporter -->
<testsuite hostname="Dev21" ignored="0" name="Default test" tests="1" failures="1" timestamp="20 Oct 2017 12:10:20 GMT" time="204.74" errors="0">
  <testcase name="tc0030UpgradeDeviceApprove" time="179.976" classname="TestSuite1.TC0040UpgradeServiceApprove">
    <failure type="java.lang.Exception" message="org.openqa.selenium.TimeoutException: Expected condition failed: waiting for visibility of element located by By.xpath: //label[text()=&amp;apos;Postal Code&amp;apos;] (tried for 45 second(s) with 500 MILLISECONDS interval)">
      <![CDATA[java.lang.Exception: org.openqa.selenium.TimeoutException: Expected condition failed: waiting for visibility of element located by By.xpath: //label[text()='Postal Code'] (tried for 45 second(s) with 500 MILLISECONDS interval)
	at ServiceNow.BaseClass.WaitForElementVisible(BaseClass.java:584)
	at ServiceNow.EnterShippingInfoPage.WaitForPageLoad(EnterShippingInfoPage.java:33)
	at ActionClasses.UpgradeService.runUpgradeService(UpgradeService.java:63)
	at TestSuite1.TC0040UpgradeServiceApprove.tc0030UpgradeDeviceApprove(TC0040UpgradeServiceApprove.java:49)
	at sun.reflect.NativeMethodAccessorImpl.invoke0(Native Method)
	at sun.reflect.NativeMethodAccessorImpl.invoke(Unknown Source)
	at sun.reflect.DelegatingMethodAccessorImpl.invoke(Unknown Source)
	at java.lang.reflect.Method.invoke(Unknown Source)
	at org.testng.internal.MethodInvocationHelper.invokeMethod(MethodInvocationHelper.java:108)
	at org.testng.internal.Invoker.invokeMethod(Invoker.java:669)
	at org.testng.internal.Invoker.invokeTestMethod(Invoker.java:877)
	at org.testng.internal.Invoker.invokeTestMethods(Invoker.java:1201)
	at org.testng.internal.TestMethodWorker.invokeTestMethods(TestMethodWorker.java:125)
	at org.testng.internal.TestMethodWorker.run(TestMethodWorker.java:109)
	at org.testng.TestRunner.privateRun(TestRunner.java:776)
	at org.testng.TestRunner.run(TestRunner.java:634)
	at org.testng.SuiteRunner.runTest(SuiteRunner.java:425)
	at org.testng.SuiteRunner.runSequentially(SuiteRunner.java:420)
	at org.testng.SuiteRunner.privateRun(SuiteRunner.java:385)
	at org.testng.SuiteRunner.run(SuiteRunner.java:334)
	at org.testng.SuiteRunnerWorker.runSuite(SuiteRunnerWorker.java:52)
	at org.testng.SuiteRunnerWorker.run(SuiteRunnerWorker.java:86)
	at org.testng.TestNG.runSuitesSequentially(TestNG.java:1318)
	at org.testng.TestNG.runSuitesLocally(TestNG.java:1243)
	at org.testng.TestNG.runSuites(TestNG.java:1161)
	at org.testng.TestNG.run(TestNG.java:1129)
	at org.testng.remote.AbstractRemoteTestNG.run(AbstractRemoteTestNG.java:114)
	at org.testng.remote.RemoteTestNG.initAndRun(RemoteTestNG.java:251)
	at org.testng.remote.RemoteTestNG.main(RemoteTestNG.java:77)
]]>
    </failure>
  </testcase> <!-- tc0030UpgradeDeviceApprove -->
</testsuite> <!-- Default test -->
